v983294@cmpprdsc2_fdusacspd02> SELECT DBMS_METADATA.GET_DDL(upper('&OBJTYPE'), upper('&OBJNAME') , upper('&OWNER'))  ddl_string from dual;

  CREATE TABLE "VZW24_ADMIN"."VGW_AUDIT_TABLE"
   (	"ID" VARCHAR2(50),
	"VZ_ID" VARCHAR2(20),
	"USER_NAME" VARCHAR2(50),
	"USER_ID" VARCHAR2(50),
	"VENDOR_NAME" VARCHAR2(30),
	"OPERATION" VARCHAR2(20),
	"REQUEST_XML" CLOB,
	"RESPONSE_XML" CLOB,
	"XML_TYPE" VARCHAR2(100),
	"ERROR_CODE" VARCHAR2(50),
	"ERROR_DESCRIPTION" VARCHAR2(2000),
	"ADDITIONAL_INFO" VARCHAR2(2000),
	"CREATION_DATE" DATE,
	"ORDER_ID" VARCHAR2(50),
	"FULFILLMENT_ID" VARCHAR2(50),
	"SSP_ORDER_ID" VARCHAR2(50),
	"WF_INSTANCE_SEQ" VARCHAR2(50),
	"KEY2" VARCHAR2(50),
	"PARTNER_REQUEST_XML" CLOB,
	"PARTNER_RESPONSE_XML" CLOB,
	"SSP_MINIPROFILE_REQ" CLOB,
	"SSP_MINIPROFILE_RES" CLOB,
	 CONSTRAINT "PK_AUDIT" PRIMARY KEY ("ID")
  USING INDEX PCTFREE 10 INITRANS 2 MAXTRANS 255 COMPUTE STATISTICS
  STORAGE(INITIAL 65536 NEXT 1048576 MINEXTENTS 1 MAXEXTENTS 2147483645
  PCTINCREASE 0 FREELISTS 1 FREELIST GROUPS 1
  BUFFER_POOL DEFAULT FLASH_CACHE DEFAULT CELL_FLASH_CACHE DEFAULT)
  TABLESPACE "VZW_APP_DATA"  ENABLE NOVALIDATE,
	 SUPPLEMENTAL LOG GROUP "GGS_328153" ("VZ_ID", "XML_TYPE", "ERROR_DESCRIPTION", "USER_NAME", "VENDOR_NAME", "ADDITIONAL_INFO", "CREATION_DATE", "ID", "ORDER_ID", "FULFILLMENT_ID", "WF_INSTANCE_SEQ",
"ERROR_CODE", "SSP_ORDER_ID", "KEY2", "USER_ID", "OPERATION") ALWAYS,
	 SUPPLEMENTAL LOG DATA (PRIMARY KEY) COLUMNS,
	 SUPPLEMENTAL LOG DATA (UNIQUE INDEX) COLUMNS,
	 SUPPLEMENTAL LOG DATA (FOREIGN KEY) COLUMNS
   ) SEGMENT CREATION IMMEDIATE
  PCTFREE 10 PCTUSED 40 INITRANS 1 MAXTRANS 255
 NOCOMPRESS LOGGING
  STORAGE(INITIAL 65536 NEXT 1048576 MINEXTENTS 1 MAXEXTENTS 2147483645
  PCTINCREASE 0 FREELISTS 1 FREELIST GROUPS 1
  BUFFER_POOL DEFAULT FLASH_CACHE DEFAULT CELL_FLASH_CACHE DEFAULT)
  TABLESPACE "VZW_APP_DATA"
 LOB ("REQUEST_XML") STORE AS BASICFILE (
  TABLESPACE "VZW_APP_DATA" ENABLE STORAGE IN ROW CHUNK 8192 RETENTION
  NOCACHE LOGGING
  STORAGE(INITIAL 65536 NEXT 1048576 MINEXTENTS 1 MAXEXTENTS 2147483645
  PCTINCREASE 0 FREELISTS 1 FREELIST GROUPS 1
  BUFFER_POOL DEFAULT FLASH_CACHE DEFAULT CELL_FLASH_CACHE DEFAULT))
 LOB ("RESPONSE_XML") STORE AS BASICFILE (
  TABLESPACE "VZW_APP_DATA" ENABLE STORAGE IN ROW CHUNK 8192 RETENTION
  NOCACHE LOGGING
  STORAGE(INITIAL 65536 NEXT 1048576 MINEXTENTS 1 MAXEXTENTS 2147483645
  PCTINCREASE 0 FREELISTS 1 FREELIST GROUPS 1
  BUFFER_POOL DEFAULT FLASH_CACHE DEFAULT CELL_FLASH_CACHE DEFAULT))
 LOB ("PARTNER_REQUEST_XML") STORE AS BASICFILE (
  TABLESPACE "VZW_APP_DATA" ENABLE STORAGE IN ROW CHUNK 8192 RETENTION
  NOCACHE LOGGING
  STORAGE(INITIAL 65536 NEXT 1048576 MINEXTENTS 1 MAXEXTENTS 2147483645
  PCTINCREASE 0 FREELISTS 1 FREELIST GROUPS 1
  BUFFER_POOL DEFAULT FLASH_CACHE DEFAULT CELL_FLASH_CACHE DEFAULT))
 LOB ("PARTNER_RESPONSE_XML") STORE AS BASICFILE (
  TABLESPACE "VZW_APP_DATA" ENABLE STORAGE IN ROW CHUNK 8192 RETENTION
  NOCACHE LOGGING
  STORAGE(INITIAL 65536 NEXT 1048576 MINEXTENTS 1 MAXEXTENTS 2147483645
  PCTINCREASE 0 FREELISTS 1 FREELIST GROUPS 1
  BUFFER_POOL DEFAULT FLASH_CACHE DEFAULT CELL_FLASH_CACHE DEFAULT))
 LOB ("SSP_MINIPROFILE_REQ") STORE AS BASICFILE (
  TABLESPACE "VZW_APP_DATA" ENABLE STORAGE IN ROW CHUNK 8192 RETENTION
  NOCACHE LOGGING
  STORAGE(INITIAL 65536 NEXT 1048576 MINEXTENTS 1 MAXEXTENTS 2147483645
  PCTINCREASE 0 FREELISTS 1 FREELIST GROUPS 1
  BUFFER_POOL DEFAULT FLASH_CACHE DEFAULT CELL_FLASH_CACHE DEFAULT))
 LOB ("SSP_MINIPROFILE_RES") STORE AS BASICFILE (
  TABLESPACE "VZW_APP_DATA" ENABLE STORAGE IN ROW CHUNK 8192 RETENTION
  NOCACHE LOGGING
  STORAGE(INITIAL 65536 NEXT 1048576 MINEXTENTS 1 MAXEXTENTS 2147483645
  PCTINCREASE 0 FREELISTS 1 FREELIST GROUPS 1
  BUFFER_POOL DEFAULT FLASH_CACHE DEFAULT CELL_FLASH_CACHE DEFAULT)) ;

v983294@cmpprdsc2_fdusacspd02> spool off
